<?xml version="1.0" encoding="UTF-8"?>
<!-- Generated by org.testng.reporters.JUnitXMLReporter -->
<testsuite ignored="0" hostname="LAPTOP-TRQKOD4E" failures="2" tests="5" name="Test" time="75.869" errors="0" timestamp="2024-02-06T17:32:09 IST">
  <testcase classname="seleniumautomation.tests.SubmitOrderTest" name="findDesiredProduct" time="12.368"/>
  <testcase classname="seleniumautomation.tests.SubmitOrderTest" name="findDesiredProduct" time="11.469"/>
  <testcase classname="seleniumautomation.tests.ErrorValidationsTest" name="LoginErrorValidation" time="1.832">
    <skipped/>
  </testcase> <!-- LoginErrorValidation -->
  <testcase classname="seleniumautomation.tests.ErrorValidationsTest" name="LoginErrorValidation" time="1.564">
    <failure type="java.lang.AssertionError" message="expected [Incorrect email or password.] but found [Incorrect email email or password.]">
      <![CDATA[java.lang.AssertionError: expected [Incorrect email or password.] but found [Incorrect email email or password.]
at seleniumautomation.tests.ErrorValidationsTest.LoginErrorValidation(ErrorValidationsTest.java:24)
at java.base/java.util.ArrayList.forEach(ArrayList.java:1511)
at java.base/java.util.concurrent.FutureTask.run(FutureTask.java:264)
at java.base/java.util.concurrent.ThreadPoolExecutor.runWorker(ThreadPoolExecutor.java:1130)
at java.base/java.util.concurrent.ThreadPoolExecutor$Worker.run(ThreadPoolExecutor.java:630)
at java.base/java.lang.Thread.run(Thread.java:832)
... Removed 24 stack frames]]>
    </failure>
  </testcase> <!-- LoginErrorValidation -->
  <testcase classname="seleniumautomation.tests.SubmitOrderTest" name="verifyOrdersHistory" time="0.0">
    <failure type="org.testng.TestNGException" message="
Cannot inject @Test annotated Method [verifyOrdersHistory] with [class java.lang.String, class java.lang.String].
For more information on native dependency injection please refer to https://testng.org/doc/documentation-main.html#native-dependency-injection">
      <![CDATA[org.testng.TestNGException: 
Cannot inject @Test annotated Method [verifyOrdersHistory] with [class java.lang.String, class java.lang.String].
For more information on native dependency injection please refer to https://testng.org/doc/documentation-main.html#native-dependency-injection
at java.base/java.util.ArrayList.forEach(ArrayList.java:1511)
at java.base/java.util.concurrent.FutureTask.run(FutureTask.java:264)
at java.base/java.util.concurrent.ThreadPoolExecutor.runWorker(ThreadPoolExecutor.java:1130)
at java.base/java.util.concurrent.ThreadPoolExecutor$Worker.run(ThreadPoolExecutor.java:630)
at java.base/java.lang.Thread.run(Thread.java:832)
... Removed 17 stack frames]]>
    </failure>
  </testcase> <!-- verifyOrdersHistory -->
</testsuite> <!-- Test -->
