<?xml version="1.0" encoding="UTF-8"?>
<!-- Generated by org.testng.reporters.JUnitXMLReporter -->
<testsuite ignored="0" hostname="LAPTOP-TRQKOD4E" failures="1" tests="2" name="Default test" time="0.127" errors="0" timestamp="2024-02-04T11:37:01 IST">
  <testcase classname="seleniumautomation.tests.SubmitOrderTest" name="findDesiredProduct" time="0.035">
    <failure type="org.testng.internal.reflect.MethodMatcherException" message="
[public void seleniumautomation.tests.SubmitOrderTest.findDesiredProduct() throws java.io.IOException,java.lang.InterruptedException] has no parameters defined but was found to be using a data provider (either explicitly specified or inherited from class level annotation).
Data provider mismatch
Method: findDesiredProduct([])
Arguments: [(java.lang.String) rahulkumar1998@gmail.com,(java.lang.String) Password@123/,(java.lang.String) IPHONE 13 PRO]">
      <![CDATA[org.testng.internal.reflect.MethodMatcherException: 
[public void seleniumautomation.tests.SubmitOrderTest.findDesiredProduct() throws java.io.IOException,java.lang.InterruptedException] has no parameters defined but was found to be using a data provider (either explicitly specified or inherited from class level annotation).
Data provider mismatch
Method: findDesiredProduct([])
Arguments: [(java.lang.String) rahulkumar1998@gmail.com,(java.lang.String) Password@123/,(java.lang.String) IPHONE 13 PRO]
at org.testng.internal.reflect.DataProviderMethodMatcher.getConformingArguments(DataProviderMethodMatcher.java:43)
at org.testng.internal.Parameters.injectParameters(Parameters.java:914)
at org.testng.internal.MethodRunner.runInSequence(MethodRunner.java:34)
at org.testng.internal.TestInvoker$MethodInvocationAgent.invoke(TestInvoker.java:824)
at org.testng.internal.TestInvoker.invokeTestMethods(TestInvoker.java:146)
at org.testng.internal.TestMethodWorker.invokeTestMethods(TestMethodWorker.java:146)
at org.testng.internal.TestMethodWorker.run(TestMethodWorker.java:128)
at java.base/java.util.ArrayList.forEach(ArrayList.java:1511)
at org.testng.TestRunner.privateRun(TestRunner.java:794)
at org.testng.TestRunner.run(TestRunner.java:596)
at org.testng.SuiteRunner.runTest(SuiteRunner.java:377)
at org.testng.SuiteRunner.runSequentially(SuiteRunner.java:371)
at org.testng.SuiteRunner.privateRun(SuiteRunner.java:332)
at org.testng.SuiteRunner.run(SuiteRunner.java:276)
at org.testng.SuiteRunnerWorker.runSuite(SuiteRunnerWorker.java:53)
at org.testng.SuiteRunnerWorker.run(SuiteRunnerWorker.java:96)
at org.testng.TestNG.runSuitesSequentially(TestNG.java:1212)
at org.testng.TestNG.runSuitesLocally(TestNG.java:1134)
at org.testng.TestNG.runSuites(TestNG.java:1063)
at org.testng.TestNG.run(TestNG.java:1031)
at org.testng.remote.AbstractRemoteTestNG.run(AbstractRemoteTestNG.java:115)
at org.testng.remote.RemoteTestNG.initAndRun(RemoteTestNG.java:251)
at org.testng.remote.RemoteTestNG.main(RemoteTestNG.java:77)
]]>
    </failure>
  </testcase> <!-- findDesiredProduct -->
  <testcase classname="seleniumautomation.tests.SubmitOrderTest" name="verifyOrdersHistory" time="0.0">
    <skipped/>
  </testcase> <!-- verifyOrdersHistory -->
</testsuite> <!-- Default test -->
