<?xml version="1.0" encoding="UTF-8"?>
<!-- Generated by org.testng.reporters.JUnitXMLReporter -->
<testsuite ignored="0" hostname="LAPTOP-TRQKOD4E" failures="2" tests="5" name="Test" time="65.347" errors="0" timestamp="2024-02-07T00:02:05 IST">
  <testcase classname="seleniumautomation.tests.SubmitOrderTest" name="findDesiredProduct" time="10.293"/>
  <testcase classname="seleniumautomation.tests.SubmitOrderTest" name="findDesiredProduct" time="10.1"/>
  <testcase classname="seleniumautomation.tests.ErrorValidationsTest" name="LoginErrorValidation" time="1.25">
    <skipped/>
  </testcase> <!-- LoginErrorValidation -->
  <testcase classname="seleniumautomation.tests.ErrorValidationsTest" name="LoginErrorValidation" time="1.418">
    <failure type="java.lang.AssertionError" message="expected [Incorrect email or password.] but found [Incorrect email email or password.]">
      <![CDATA[java.lang.AssertionError: expected [Incorrect email or password.] but found [Incorrect email email or password.]
at seleniumautomation.tests.ErrorValidationsTest.LoginErrorValidation(ErrorValidationsTest.java:24)
at java.base/java.util.ArrayList.forEach(ArrayList.java:1596)
... Removed 35 stack frames]]>
    </failure>
  </testcase> <!-- LoginErrorValidation -->
  <testcase classname="seleniumautomation.tests.SubmitOrderTest" name="verifyOrdersHistory" time="0.0">
    <failure type="org.testng.TestNGException" message="
Cannot inject @Test annotated Method [verifyOrdersHistory] with [class java.lang.String, class java.lang.String].
For more information on native dependency injection please refer to https://testng.org/doc/documentation-main.html#native-dependency-injection">
      <![CDATA[org.testng.TestNGException: 
Cannot inject @Test annotated Method [verifyOrdersHistory] with [class java.lang.String, class java.lang.String].
For more information on native dependency injection please refer to https://testng.org/doc/documentation-main.html#native-dependency-injection
at java.base/java.util.ArrayList.forEach(ArrayList.java:1596)
... Removed 30 stack frames]]>
    </failure>
  </testcase> <!-- verifyOrdersHistory -->
</testsuite> <!-- Test -->
