<?xml version="1.0" encoding="UTF-8"?>
<!-- Generated by org.testng.reporters.JUnitXMLReporter -->
<testsuite ignored="0" hostname="LAPTOP-TRQKOD4E" failures="3" tests="6" name="Surefire test" time="77.204" errors="0" timestamp="2024-02-06T22:57:38 IST">
  <testcase classname="seleniumautomation.tests.ErrorValidationsTest" name="LoginErrorValidation" time="1.389">
    <skipped/>
  </testcase> <!-- LoginErrorValidation -->
  <testcase classname="seleniumautomation.tests.ErrorValidationsTest" name="LoginErrorValidation" time="1.21">
    <failure type="java.lang.AssertionError" message="expected [Incorrect email or password.] but found [Incorrect email email or password.]">
      <![CDATA[java.lang.AssertionError: expected [Incorrect email or password.] but found [Incorrect email email or password.]
at seleniumautomation.tests.ErrorValidationsTest.LoginErrorValidation(ErrorValidationsTest.java:24)
at java.base/java.util.ArrayList.forEach(ArrayList.java:1596)
... Removed 36 stack frames]]>
    </failure>
  </testcase> <!-- LoginErrorValidation -->
  <testcase classname="seleniumautomation.tests.StandAloneTest" name="productErrorValidation" time="8.557">
    <failure type="java.lang.NullPointerException" message="Cannot invoke &amp;quot;org.openqa.selenium.SearchContext.findElements(org.openqa.selenium.By)&amp;quot; because &amp;quot;this.searchContext&amp;quot; is null">
      <![CDATA[java.lang.NullPointerException: Cannot invoke "org.openqa.selenium.SearchContext.findElements(org.openqa.selenium.By)" because "this.searchContext" is null
at org.openqa.selenium.support.pagefactory.DefaultElementLocator.findElements(DefaultElementLocator.java:83)
at org.openqa.selenium.support.pagefactory.internal.LocatingElementListHandler.invoke(LocatingElementListHandler.java:36)
at jdk.proxy2/jdk.proxy2.$Proxy11.stream(Unknown Source)
at seleniumautomation.pageobjects.CartPage.verifyProductName(CartPage.java:26)
at seleniumautomation.tests.StandAloneTest.productErrorValidation(StandAloneTest.java:48)
at java.base/java.util.ArrayList.forEach(ArrayList.java:1596)
... Removed 30 stack frames]]>
    </failure>
  </testcase> <!-- productErrorValidation -->
  <testcase classname="seleniumautomation.tests.SubmitOrderTest" name="findDesiredProduct" time="17.979">
    <failure type="org.openqa.selenium.TimeoutException" message="Expected condition failed: waiting for visibility of element located by By.cssSelector: section[id=&amp;apos;products&amp;apos;] div[class=&amp;apos;container&amp;apos;] div[class=&amp;apos;row&amp;apos;] div[class*=&amp;apos;mb-3&amp;apos;] b (tried for 15 second(s) with 500 milliseconds interval)
Build info: version: &amp;apos;4.17.0&amp;apos;, revision: &amp;apos;e52b1be057*&amp;apos;
System info: os.name: &amp;apos;Windows 11&amp;apos;, os.arch: &amp;apos;amd64&amp;apos;, os.version: &amp;apos;10.0&amp;apos;, java.version: &amp;apos;21.0.1&amp;apos;
Driver info: org.openqa.selenium.chrome.ChromeDriver
Capabilities {acceptInsecureCerts: true, browserName: chrome, browserVersion: 121.0.6167.140, chrome: {chromedriverVersion: 121.0.6167.85 (3f98d690ad7e..., userDataDir: C:\Users\nishi\AppData\Loca...}, fedcm:accounts: true, goog:chromeOptions: {debuggerAddress: localhost:50366}, networkConnectionEnabled: false, pageLoadStrategy: normal, platformName: windows, proxy: Proxy(), se:cdp: ws://localhost:50366/devtoo..., se:cdpVersion: 121.0.6167.140, setWindowRect: true, strictFileInteractability: false, timeouts: {implicit: 0, pageLoad: 300000, script: 30000}, unhandledPromptBehavior: dismiss and notify, webauthn:extension:credBlob: true, webauthn:extension:largeBlob: true, webauthn:extension:minPinLength: true, webauthn:extension:prf: true, webauthn:virtualAuthenticators: true}
Session ID: 481a666c1cf8d4c138ddc28e4c1ed6e9">
      <![CDATA[org.openqa.selenium.TimeoutException: Expected condition failed: waiting for visibility of element located by By.cssSelector: section[id='products'] div[class='container'] div[class='row'] div[class*='mb-3'] b (tried for 15 second(s) with 500 milliseconds interval)
Build info: version: '4.17.0', revision: 'e52b1be057*'
System info: os.name: 'Windows 11', os.arch: 'amd64', os.version: '10.0', java.version: '21.0.1'
Driver info: org.openqa.selenium.chrome.ChromeDriver
Capabilities {acceptInsecureCerts: true, browserName: chrome, browserVersion: 121.0.6167.140, chrome: {chromedriverVersion: 121.0.6167.85 (3f98d690ad7e..., userDataDir: C:\Users\nishi\AppData\Loca...}, fedcm:accounts: true, goog:chromeOptions: {debuggerAddress: localhost:50366}, networkConnectionEnabled: false, pageLoadStrategy: normal, platformName: windows, proxy: Proxy(), se:cdp: ws://localhost:50366/devtoo..., se:cdpVersion: 121.0.6167.140, setWindowRect: true, strictFileInteractability: false, timeouts: {implicit: 0, pageLoad: 300000, script: 30000}, unhandledPromptBehavior: dismiss and notify, webauthn:extension:credBlob: true, webauthn:extension:largeBlob: true, webauthn:extension:minPinLength: true, webauthn:extension:prf: true, webauthn:virtualAuthenticators: true}
Session ID: 481a666c1cf8d4c138ddc28e4c1ed6e9
at org.openqa.selenium.support.ui.WebDriverWait.timeoutException(WebDriverWait.java:84)
at org.openqa.selenium.support.ui.FluentWait.until(FluentWait.java:228)
at seleniumautomation.abstractcomponent.AbstractComponent.waitForCatalogueElementToAppear(AbstractComponent.java:38)
at seleniumautomation.pageobjects.ProductCatalogue.waitForCatalogueElements(ProductCatalogue.java:36)
at seleniumautomation.tests.SubmitOrderTest.findDesiredProduct(SubmitOrderTest.java:37)
at java.base/java.util.ArrayList.forEach(ArrayList.java:1596)
... Removed 30 stack frames]]>
    </failure>
  </testcase> <!-- findDesiredProduct -->
  <testcase classname="seleniumautomation.tests.SubmitOrderTest" name="findDesiredProduct" time="10.453"/>
  <testcase classname="seleniumautomation.tests.SubmitOrderTest" name="verifyOrdersHistory" time="0.0">
    <skipped/>
  </testcase> <!-- verifyOrdersHistory -->
</testsuite> <!-- Surefire test -->
